<?xml version="1.0" encoding="UTF-8"?>
<!-- Generated by org.testng.reporters.JUnitXMLReporter -->
<testsuite ignored="0" hostname="DESKTOP-22NPMJL" failures="0" tests="4" name="Default test" time="18.633" errors="0" timestamp="2022-05-11T14:48:21 ICT">
  <testcase classname="testChau.NewTest" name="Tc_01_Url" time="4.306"/>
  <testcase classname="testChau.NewTest" name="Tc_02_Title" time="1.684"/>
  <testcase classname="testChau.NewTest" name="Tc_03_Navigation" time="5.477"/>
  <testcase classname="testChau.NewTest" name="Tc_04_Page_Source" time="1.812"/>
</testsuite> <!-- Default test -->
