<?xml version="1.0" encoding="UTF-8"?>
<testng-results ignored="0" total="4" passed="4" failed="0" skipped="0">
  <reporter-output>
  </reporter-output>
  <suite started-at="2022-05-27T15:40:51 ICT" name="Bank Guru" finished-at="2022-05-27T15:41:11 ICT" duration-ms="19364">
    <groups>
    </groups>
    <test started-at="2022-05-27T15:40:51 ICT" name="Run Chrome" finished-at="2022-05-27T15:41:11 ICT" duration-ms="19364">
      <class name="com.bankguru.user.Level_4">
        <test-method is-config="true" signature="beforeTest()[pri:0, instance:com.bankguru.user.Level_4@70fab835]" started-at="2022-05-27T15:40:51 ICT" name="beforeTest" finished-at="2022-05-27T15:41:00 ICT" duration-ms="8423" status="PASS">
          <reporter-output>
          </reporter-output>
        </test-method> <!-- beforeTest -->
        <test-method signature="TC_01_registerPage()[pri:0, instance:com.bankguru.user.Level_4@70fab835]" started-at="2022-05-27T15:41:00 ICT" name="TC_01_registerPage" finished-at="2022-05-27T15:41:04 ICT" duration-ms="4641" status="PASS">
          <reporter-output>
          </reporter-output>
        </test-method> <!-- TC_01_registerPage -->
        <test-method signature="TC_02_loginPage()[pri:1, instance:com.bankguru.user.Level_4@70fab835]" started-at="2022-05-27T15:41:04 ICT" name="TC_02_loginPage" finished-at="2022-05-27T15:41:07 ICT" duration-ms="2330" status="PASS">
          <reporter-output>
          </reporter-output>
        </test-method> <!-- TC_02_loginPage -->
        <test-method signature="TC_03_newCustomerPage()[pri:2, instance:com.bankguru.user.Level_4@70fab835]" started-at="2022-05-27T15:41:07 ICT" name="TC_03_newCustomerPage" finished-at="2022-05-27T15:41:09 ICT" duration-ms="2115" status="PASS">
          <reporter-output>
          </reporter-output>
        </test-method> <!-- TC_03_newCustomerPage -->
        <test-method signature="TC_04_loginPage()[pri:3, instance:com.bankguru.user.Level_4@70fab835]" started-at="2022-05-27T15:41:09 ICT" name="TC_04_loginPage" finished-at="2022-05-27T15:41:10 ICT" duration-ms="1592" status="PASS">
          <reporter-output>
          </reporter-output>
        </test-method> <!-- TC_04_loginPage -->
        <test-method is-config="true" signature="afterTest()[pri:0, instance:com.bankguru.user.Level_4@70fab835]" started-at="2022-05-27T15:41:10 ICT" name="afterTest" finished-at="2022-05-27T15:41:11 ICT" duration-ms="206" status="PASS">
          <reporter-output>
          </reporter-output>
        </test-method> <!-- afterTest -->
      </class> <!-- com.bankguru.user.Level_4 -->
    </test> <!-- Run Chrome -->
  </suite> <!-- Bank Guru -->
</testng-results>
