<?xml version="1.0" encoding="UTF-8"?>
<testng-results ignored="0" total="4" passed="4" failed="0" skipped="0">
  <reporter-output>
  </reporter-output>
  <suite started-at="2022-05-11T14:48:03 ICT" name="Default suite" finished-at="2022-05-11T14:48:21 ICT" duration-ms="18633">
    <groups>
    </groups>
    <test started-at="2022-05-11T14:48:03 ICT" name="Default test" finished-at="2022-05-11T14:48:21 ICT" duration-ms="18633">
      <class name="testChau.NewTest">
        <test-method is-config="true" signature="beforeClass()[pri:0, instance:testChau.NewTest@6ef888f6]" started-at="2022-05-11T14:48:03 ICT" name="beforeClass" finished-at="2022-05-11T14:48:07 ICT" duration-ms="4087" status="PASS">
          <reporter-output>
          </reporter-output>
        </test-method> <!-- beforeClass -->
        <test-method signature="Tc_01_Url()[pri:0, instance:testChau.NewTest@6ef888f6]" started-at="2022-05-11T14:48:07 ICT" name="Tc_01_Url" finished-at="2022-05-11T14:48:11 ICT" duration-ms="4306" status="PASS">
          <reporter-output>
          </reporter-output>
        </test-method> <!-- Tc_01_Url -->
        <test-method signature="Tc_02_Title()[pri:0, instance:testChau.NewTest@6ef888f6]" started-at="2022-05-11T14:48:11 ICT" name="Tc_02_Title" finished-at="2022-05-11T14:48:13 ICT" duration-ms="1684" status="PASS">
          <reporter-output>
          </reporter-output>
        </test-method> <!-- Tc_02_Title -->
        <test-method signature="Tc_03_Navigation()[pri:0, instance:testChau.NewTest@6ef888f6]" started-at="2022-05-11T14:48:13 ICT" name="Tc_03_Navigation" finished-at="2022-05-11T14:48:18 ICT" duration-ms="5477" status="PASS">
          <reporter-output>
          </reporter-output>
        </test-method> <!-- Tc_03_Navigation -->
        <test-method signature="Tc_04_Page_Source()[pri:0, instance:testChau.NewTest@6ef888f6]" started-at="2022-05-11T14:48:18 ICT" name="Tc_04_Page_Source" finished-at="2022-05-11T14:48:20 ICT" duration-ms="1812" status="PASS">
          <reporter-output>
          </reporter-output>
        </test-method> <!-- Tc_04_Page_Source -->
        <test-method is-config="true" signature="afterClass()[pri:0, instance:testChau.NewTest@6ef888f6]" started-at="2022-05-11T14:48:20 ICT" name="afterClass" finished-at="2022-05-11T14:48:21 ICT" duration-ms="1200" status="PASS">
          <reporter-output>
          </reporter-output>
        </test-method> <!-- afterClass -->
      </class> <!-- testChau.NewTest -->
    </test> <!-- Default test -->
  </suite> <!-- Default suite -->
</testng-results>
