<?xml version="1.0" encoding="UTF-8"?>
<testng-results skipped="0" failed="0" ignored="0" total="1" passed="1">
  <reporter-output>
  </reporter-output>
  <suite name="Default suite" duration-ms="9824" started-at="2022-05-10T04:03:29Z" finished-at="2022-05-10T04:03:39Z">
    <groups>
    </groups>
    <test name="Default test" duration-ms="9824" started-at="2022-05-10T04:03:29Z" finished-at="2022-05-10T04:03:39Z">
      <class name="first.NewTest">
        <test-method status="PASS" signature="setup()[pri:0, instance:first.NewTest@30ee2816]" name="setup" is-config="true" duration-ms="10" started-at="2022-05-10T04:03:29Z" finished-at="2022-05-10T04:03:29Z">
          <reporter-output>
          </reporter-output>
        </test-method> <!-- setup -->
        <test-method status="PASS" signature="f()[pri:0, instance:first.NewTest@30ee2816]" name="f" duration-ms="9792" started-at="2022-05-10T04:03:29Z" finished-at="2022-05-10T04:03:39Z">
          <reporter-output>
          </reporter-output>
        </test-method> <!-- f -->
      </class> <!-- first.NewTest -->
    </test> <!-- Default test -->
  </suite> <!-- Default suite -->
</testng-results>
