<?xml version="1.0" encoding="UTF-8"?>
<!-- Generated by org.testng.reporters.JUnitXMLReporter -->
<testsuite ignored="2" hostname="DESKTOP-22NPMJL" failures="0" tests="6" name="FirstTest" time="0.064" errors="0" timestamp="2022-05-10T16:44:49 ICT">
  <testcase classname="secondpackage.firstclass" name="firstMethod" time="0.009"/>
  <testcase classname="secondpackage.firstclass" name="secondMethod" time="0.001"/>
  <testcase classname="firstpackage.firstclass" name="firstMethod" time="0.0"/>
  <testcase classname="firstpackage.firstclass" name="secondMethod" time="0.001"/>
  <testcase classname="firstpackage.secondclass" name="firstMethod" time="0.0"/>
  <testcase classname="firstpackage.secondclass" name="secondMethod" time="0.001"/>
  <testcase classname="thirdpackage.firstclass" name="secondMethod" time="0.0">
    <ignored/>
  </testcase> <!-- secondMethod -->
  <testcase classname="thirdpackage.firstclass" name="firstMethod" time="0.0">
    <ignored/>
  </testcase> <!-- firstMethod -->
</testsuite> <!-- FirstTest -->
