<?xml version="1.0" encoding="UTF-8"?>
<!-- Generated by org.testng.reporters.JUnitXMLReporter -->
<testsuite ignored="0" hostname="DESKTOP-22NPMJL" failures="0" tests="4" name="Run Chrome" time="19.364" errors="0" timestamp="2022-05-27T15:41:11 ICT">
  <testcase classname="com.bankguru.user.Level_4" name="TC_01_registerPage" time="4.641"/>
  <testcase classname="com.bankguru.user.Level_4" name="TC_02_loginPage" time="2.33"/>
  <testcase classname="com.bankguru.user.Level_4" name="TC_03_newCustomerPage" time="2.115"/>
  <testcase classname="com.bankguru.user.Level_4" name="TC_04_loginPage" time="1.592"/>
</testsuite> <!-- Run Chrome -->
