<?xml version="1.0" encoding="UTF-8"?>
<testng-results skipped="0" failed="0" ignored="0" total="3" passed="3">
  <reporter-output>
  </reporter-output>
  <suite name="Default suite" duration-ms="32" started-at="2022-05-05T06:59:05Z" finished-at="2022-05-05T06:59:05Z">
    <groups>
    </groups>
    <test name="Default test" duration-ms="32" started-at="2022-05-05T06:59:05Z" finished-at="2022-05-05T06:59:05Z">
      <class name="FirstTestNGFile">
        <test-method status="PASS" signature="One()[pri:0, instance:FirstTestNGFile@100fc185]" name="One" duration-ms="8" started-at="2022-05-05T06:59:05Z" finished-at="2022-05-05T06:59:05Z">
          <reporter-output>
          </reporter-output>
        </test-method> <!-- One -->
        <test-method status="PASS" signature="Three()[pri:0, instance:FirstTestNGFile@100fc185]" name="Three" duration-ms="1" started-at="2022-05-05T06:59:05Z" finished-at="2022-05-05T06:59:05Z">
          <reporter-output>
          </reporter-output>
        </test-method> <!-- Three -->
        <test-method status="PASS" signature="Two()[pri:0, instance:FirstTestNGFile@100fc185]" name="Two" duration-ms="0" started-at="2022-05-05T06:59:05Z" finished-at="2022-05-05T06:59:05Z">
          <reporter-output>
          </reporter-output>
        </test-method> <!-- Two -->
      </class> <!-- FirstTestNGFile -->
    </test> <!-- Default test -->
  </suite> <!-- Default suite -->
</testng-results>
